C:\Users\Hafiz\PROJECTS\TOPICUS\Horizon\Dashboard\Serve.WebApplication\client-app\services\auth.variable.js
C:\Users\Hafiz\PROJECTS\TOPICUS\Horizon\Dashboard\Serve.WebApplication\client-app\services\auth.variable.js.map
C:\Users\Hafiz\PROJECTS\TOPICUS\Horizon\Dashboard\Serve.WebApplication\client-app\services\AuthService.js
C:\Users\Hafiz\PROJECTS\TOPICUS\Horizon\Dashboard\Serve.WebApplication\client-app\services\AuthService.js.map
C:\Users\Hafiz\PROJECTS\TOPICUS\Horizon\Dashboard\Serve.WebApplication\client-app\globals.js
C:\Users\Hafiz\PROJECTS\TOPICUS\Horizon\Dashboard\Serve.WebApplication\client-app\globals.js.map
C:\Users\Hafiz\PROJECTS\TOPICUS\Horizon\Dashboard\Serve.WebApplication\client-app\boot.js
C:\Users\Hafiz\PROJECTS\TOPICUS\Horizon\Dashboard\Serve.WebApplication\client-app\boot.js.map
C:\Users\Hafiz\PROJECTS\TOPICUS\Horizon\Dashboard\Serve.WebApplication\client-app\services\auth.config.js
C:\Users\Hafiz\PROJECTS\TOPICUS\Horizon\Dashboard\Serve.WebApplication\client-app\services\auth.config.js.map
C:\Users\Hafiz\PROJECTS\TOPICUS\Horizon\Dashboard\Serve.WebApplication\client-app\components\app\app.js
C:\Users\Hafiz\PROJECTS\TOPICUS\Horizon\Dashboard\Serve.WebApplication\client-app\components\app\app.js.map
C:\Users\Hafiz\PROJECTS\TOPICUS\Horizon\Dashboard\Serve.WebApplication\client-app\core\helper-util.js
C:\Users\Hafiz\PROJECTS\TOPICUS\Horizon\Dashboard\Serve.WebApplication\client-app\core\helper-util.js.map
C:\Users\Hafiz\PROJECTS\TOPICUS\Horizon\Dashboard\Serve.WebApplication\client-app\core\Errors.js
C:\Users\Hafiz\PROJECTS\TOPICUS\Horizon\Dashboard\Serve.WebApplication\client-app\core\Errors.js.map
C:\Users\Hafiz\PROJECTS\TOPICUS\Horizon\Dashboard\Serve.WebApplication\client-app\core\Form.js
C:\Users\Hafiz\PROJECTS\TOPICUS\Horizon\Dashboard\Serve.WebApplication\client-app\core\Form.js.map
C:\Users\Hafiz\PROJECTS\TOPICUS\Horizon\Dashboard\Serve.WebApplication\client-app\components\client-group\client-group.js
C:\Users\Hafiz\PROJECTS\TOPICUS\Horizon\Dashboard\Serve.WebApplication\client-app\components\client-group\client-group.js.map
C:\Users\Hafiz\PROJECTS\TOPICUS\Horizon\Dashboard\Serve.WebApplication\client-app\core\datetime-picker\datetime-picker.js
C:\Users\Hafiz\PROJECTS\TOPICUS\Horizon\Dashboard\Serve.WebApplication\client-app\core\datetime-picker\datetime-picker.js.map
C:\Users\Hafiz\PROJECTS\TOPICUS\Horizon\Dashboard\Serve.WebApplication\client-app\components\dashboard\dashboard.js
C:\Users\Hafiz\PROJECTS\TOPICUS\Horizon\Dashboard\Serve.WebApplication\client-app\components\dashboard\dashboard.js.map
C:\Users\Hafiz\PROJECTS\TOPICUS\Horizon\Dashboard\Serve.WebApplication\client-app\components\footer\footer.js
C:\Users\Hafiz\PROJECTS\TOPICUS\Horizon\Dashboard\Serve.WebApplication\client-app\components\footer\footer.js.map
C:\Users\Hafiz\PROJECTS\TOPICUS\Horizon\Dashboard\Serve.WebApplication\client-app\core\Helpers.js
C:\Users\Hafiz\PROJECTS\TOPICUS\Horizon\Dashboard\Serve.WebApplication\client-app\core\Helpers.js.map
C:\Users\Hafiz\PROJECTS\TOPICUS\Horizon\Dashboard\Serve.WebApplication\client-app\components\header\header.js
C:\Users\Hafiz\PROJECTS\TOPICUS\Horizon\Dashboard\Serve.WebApplication\client-app\components\header\header.js.map
C:\Users\Hafiz\PROJECTS\TOPICUS\Horizon\Dashboard\Serve.WebApplication\client-app\components\home\home.js
C:\Users\Hafiz\PROJECTS\TOPICUS\Horizon\Dashboard\Serve.WebApplication\client-app\components\home\home.js.map
C:\Users\Hafiz\PROJECTS\TOPICUS\Horizon\Dashboard\Serve.WebApplication\client-app\services\jenkins-service.js
C:\Users\Hafiz\PROJECTS\TOPICUS\Horizon\Dashboard\Serve.WebApplication\client-app\services\jenkins-service.js.map
C:\Users\Hafiz\PROJECTS\TOPICUS\Horizon\Dashboard\Serve.WebApplication\client-app\components\jenkins\jenkins-stats.js
C:\Users\Hafiz\PROJECTS\TOPICUS\Horizon\Dashboard\Serve.WebApplication\client-app\components\jenkins\jenkins-stats.js.map
C:\Users\Hafiz\PROJECTS\TOPICUS\Horizon\Dashboard\Serve.WebApplication\client-app\components\management\management.js
C:\Users\Hafiz\PROJECTS\TOPICUS\Horizon\Dashboard\Serve.WebApplication\client-app\components\management\management.js.map
C:\Users\Hafiz\PROJECTS\TOPICUS\Horizon\Dashboard\Serve.WebApplication\client-app\components\member\member.js
C:\Users\Hafiz\PROJECTS\TOPICUS\Horizon\Dashboard\Serve.WebApplication\client-app\components\member\member.js.map
C:\Users\Hafiz\PROJECTS\TOPICUS\Horizon\Dashboard\Serve.WebApplication\client-app\components\music\spotify.js
C:\Users\Hafiz\PROJECTS\TOPICUS\Horizon\Dashboard\Serve.WebApplication\client-app\components\music\spotify.js.map
C:\Users\Hafiz\PROJECTS\TOPICUS\Horizon\Dashboard\Serve.WebApplication\client-app\components\sidebar\sidebar.js
C:\Users\Hafiz\PROJECTS\TOPICUS\Horizon\Dashboard\Serve.WebApplication\client-app\components\sidebar\sidebar.js.map
C:\Users\Hafiz\PROJECTS\TOPICUS\Horizon\Dashboard\Serve.WebApplication\client-app\services\weather-service.js
C:\Users\Hafiz\PROJECTS\TOPICUS\Horizon\Dashboard\Serve.WebApplication\client-app\services\weather-service.js.map
C:\Users\Hafiz\PROJECTS\TOPICUS\Horizon\Dashboard\Serve.WebApplication\client-app\components\weather\weather.js
C:\Users\Hafiz\PROJECTS\TOPICUS\Horizon\Dashboard\Serve.WebApplication\client-app\components\weather\weather.js.map
C:\Users\Hafiz\PROJECTS\TOPICUS\Horizon\Dashboard\Serve.WebApplication\client-app\core\Utils.js
C:\Users\Hafiz\PROJECTS\TOPICUS\Horizon\Dashboard\Serve.WebApplication\client-app\core\Utils.js.map
C:\Users\Hafiz\PROJECTS\TOPICUS\Horizon\Dashboard\Serve.WebApplication\client-app\core\charts\Bar.js
C:\Users\Hafiz\PROJECTS\TOPICUS\Horizon\Dashboard\Serve.WebApplication\client-app\core\charts\Bar.js.map
C:\Users\Hafiz\PROJECTS\TOPICUS\Horizon\Dashboard\Serve.WebApplication\client-app\core\charts\Guage.js
C:\Users\Hafiz\PROJECTS\TOPICUS\Horizon\Dashboard\Serve.WebApplication\client-app\core\charts\Guage.js.map
C:\Users\Hafiz\PROJECTS\TOPICUS\Horizon\Dashboard\Serve.WebApplication\client-app\core\charts\Line.js
C:\Users\Hafiz\PROJECTS\TOPICUS\Horizon\Dashboard\Serve.WebApplication\client-app\core\charts\Line.js.map
C:\Users\Hafiz\PROJECTS\TOPICUS\Horizon\Dashboard\Serve.WebApplication\client-app\core\modals\modal.js
C:\Users\Hafiz\PROJECTS\TOPICUS\Horizon\Dashboard\Serve.WebApplication\client-app\core\modals\modal.js.map
C:\Users\Hafiz\PROJECTS\TOPICUS\Horizon\Dashboard\Serve.WebApplication\client-app\core\tabs\tab.js
C:\Users\Hafiz\PROJECTS\TOPICUS\Horizon\Dashboard\Serve.WebApplication\client-app\core\tabs\tab.js.map
C:\Users\Hafiz\PROJECTS\TOPICUS\Horizon\Dashboard\Serve.WebApplication\client-app\core\tabs\tabs.js
C:\Users\Hafiz\PROJECTS\TOPICUS\Horizon\Dashboard\Serve.WebApplication\client-app\core\tabs\tabs.js.map
C:\Users\Hafiz\PROJECTS\TOPICUS\Horizon\Dashboard\Serve.WebApplication\client-app\services\CloakAuthService.js
C:\Users\Hafiz\PROJECTS\TOPICUS\Horizon\Dashboard\Serve.WebApplication\client-app\services\CloakAuthService.js.map
C:\Users\Hafiz\PROJECTS\TOPICUS\Horizon\Dashboard\Serve.WebApplication\client-app\services\dashboard-service.js
C:\Users\Hafiz\PROJECTS\TOPICUS\Horizon\Dashboard\Serve.WebApplication\client-app\services\dashboard-service.js.map
C:\Users\Hafiz\PROJECTS\TOPICUS\Horizon\Dashboard\Serve.WebApplication\client-app\services\authentication\callback.js
C:\Users\Hafiz\PROJECTS\TOPICUS\Horizon\Dashboard\Serve.WebApplication\client-app\services\authentication\callback.js.map
