M:\PROJECTS\Dashboard\Dashboard.WebApplication\client-app\services\auth.variable.js
M:\PROJECTS\Dashboard\Dashboard.WebApplication\client-app\services\auth.variable.js.map
M:\PROJECTS\Dashboard\Dashboard.WebApplication\client-app\services\AuthService.js
M:\PROJECTS\Dashboard\Dashboard.WebApplication\client-app\services\AuthService.js.map
M:\PROJECTS\Dashboard\Dashboard.WebApplication\client-app\globals.js
M:\PROJECTS\Dashboard\Dashboard.WebApplication\client-app\globals.js.map
M:\PROJECTS\Dashboard\Dashboard.WebApplication\client-app\boot.js
M:\PROJECTS\Dashboard\Dashboard.WebApplication\client-app\boot.js.map
M:\PROJECTS\Dashboard\Dashboard.WebApplication\client-app\services\auth.config.js
M:\PROJECTS\Dashboard\Dashboard.WebApplication\client-app\services\auth.config.js.map
M:\PROJECTS\Dashboard\Dashboard.WebApplication\client-app\components\app\app.js
M:\PROJECTS\Dashboard\Dashboard.WebApplication\client-app\components\app\app.js.map
M:\PROJECTS\Dashboard\Dashboard.WebApplication\client-app\core\helper-util.js
M:\PROJECTS\Dashboard\Dashboard.WebApplication\client-app\core\helper-util.js.map
M:\PROJECTS\Dashboard\Dashboard.WebApplication\client-app\core\Errors.js
M:\PROJECTS\Dashboard\Dashboard.WebApplication\client-app\core\Errors.js.map
M:\PROJECTS\Dashboard\Dashboard.WebApplication\client-app\core\Form.js
M:\PROJECTS\Dashboard\Dashboard.WebApplication\client-app\core\Form.js.map
M:\PROJECTS\Dashboard\Dashboard.WebApplication\client-app\core\datetime-picker\datetime-picker.js
M:\PROJECTS\Dashboard\Dashboard.WebApplication\client-app\core\datetime-picker\datetime-picker.js.map
M:\PROJECTS\Dashboard\Dashboard.WebApplication\client-app\components\dashboard\dashboard.js
M:\PROJECTS\Dashboard\Dashboard.WebApplication\client-app\components\dashboard\dashboard.js.map
M:\PROJECTS\Dashboard\Dashboard.WebApplication\client-app\components\footer\footer.js
M:\PROJECTS\Dashboard\Dashboard.WebApplication\client-app\components\footer\footer.js.map
M:\PROJECTS\Dashboard\Dashboard.WebApplication\client-app\core\Helpers.js
M:\PROJECTS\Dashboard\Dashboard.WebApplication\client-app\core\Helpers.js.map
M:\PROJECTS\Dashboard\Dashboard.WebApplication\client-app\components\header\header.js
M:\PROJECTS\Dashboard\Dashboard.WebApplication\client-app\components\header\header.js.map
M:\PROJECTS\Dashboard\Dashboard.WebApplication\client-app\components\home\home.js
M:\PROJECTS\Dashboard\Dashboard.WebApplication\client-app\components\home\home.js.map
M:\PROJECTS\Dashboard\Dashboard.WebApplication\client-app\components\sidebar\sidebar.js
M:\PROJECTS\Dashboard\Dashboard.WebApplication\client-app\components\sidebar\sidebar.js.map
M:\PROJECTS\Dashboard\Dashboard.WebApplication\client-app\core\Utils.js
M:\PROJECTS\Dashboard\Dashboard.WebApplication\client-app\core\Utils.js.map
M:\PROJECTS\Dashboard\Dashboard.WebApplication\client-app\core\charts\Bar.js
M:\PROJECTS\Dashboard\Dashboard.WebApplication\client-app\core\charts\Bar.js.map
M:\PROJECTS\Dashboard\Dashboard.WebApplication\client-app\core\charts\Guage.js
M:\PROJECTS\Dashboard\Dashboard.WebApplication\client-app\core\charts\Guage.js.map
M:\PROJECTS\Dashboard\Dashboard.WebApplication\client-app\core\charts\Line.js
M:\PROJECTS\Dashboard\Dashboard.WebApplication\client-app\core\charts\Line.js.map
M:\PROJECTS\Dashboard\Dashboard.WebApplication\client-app\core\modals\modal.js
M:\PROJECTS\Dashboard\Dashboard.WebApplication\client-app\core\modals\modal.js.map
M:\PROJECTS\Dashboard\Dashboard.WebApplication\client-app\core\tabs\tab.js
M:\PROJECTS\Dashboard\Dashboard.WebApplication\client-app\core\tabs\tab.js.map
M:\PROJECTS\Dashboard\Dashboard.WebApplication\client-app\core\tabs\tabs.js
M:\PROJECTS\Dashboard\Dashboard.WebApplication\client-app\core\tabs\tabs.js.map
M:\PROJECTS\Dashboard\Dashboard.WebApplication\client-app\services\CloakAuthService.js
M:\PROJECTS\Dashboard\Dashboard.WebApplication\client-app\services\CloakAuthService.js.map
M:\PROJECTS\Dashboard\Dashboard.WebApplication\client-app\services\dashboard-service.js
M:\PROJECTS\Dashboard\Dashboard.WebApplication\client-app\services\dashboard-service.js.map
M:\PROJECTS\Dashboard\Dashboard.WebApplication\client-app\services\jenkins-service.js
M:\PROJECTS\Dashboard\Dashboard.WebApplication\client-app\services\jenkins-service.js.map
M:\PROJECTS\Dashboard\Dashboard.WebApplication\client-app\services\weather-service.js
M:\PROJECTS\Dashboard\Dashboard.WebApplication\client-app\services\weather-service.js.map
M:\PROJECTS\Dashboard\Dashboard.WebApplication\client-app\services\authentication\callback.js
M:\PROJECTS\Dashboard\Dashboard.WebApplication\client-app\services\authentication\callback.js.map
